[06-03 10:29:11]: [INFO] Created column 'regdate' and set the current timestamp, 1717421351679, to all 0 rows
[06-03 10:29:11]: [INFO] SQLite Setup finished
[06-03 10:29:11]: [INFO] Hooked into LuckPerms!
[06-03 10:29:11]: [INFO] Hooked successfully into Essentials
[06-03 10:29:11]: [INFO] Essentials spawn file not found: '/Users/lucaaguiar/Desktop/PixelmonWorlds-Server/plugins/Essentials/spawn.yml'
[06-03 10:29:11]: [WARN] WARNING! The protectInventory feature requires ProtocolLib! Disabling it...
[06-03 10:29:11]: [INFO] AuthMe 5.6.0-beta2 build n.2453 successfully enabled!
[06-03 10:29:12]: [INFO] Downloading GEO IP database, because the old database is older than 30 days or doesn't exist
[06-03 10:29:12]: [WARN] No MaxMind credentials found in the configuration file! GeoIp protections will be disabled.
[06-03 10:29:12]: [INFO] There is no newer GEO IP database uploaded to MaxMind. Using the old one for now.
[06-03 10:29:12]: [WARN] Could not download GeoLiteAPI database [FileNotFoundException]: plugins/AuthMe/GeoLite2-Country.mmdb (No such file or directory)
[06-03 10:29:12]: java.io.FileNotFoundException: plugins/AuthMe/GeoLite2-Country.mmdb (No such file or directory)
	at java.base/java.io.RandomAccessFile.open0(Native Method)
	at java.base/java.io.RandomAccessFile.open(RandomAccessFile.java:354)
	at java.base/java.io.RandomAccessFile.<init>(RandomAccessFile.java:271)
	at java.base/java.io.RandomAccessFile.<init>(RandomAccessFile.java:221)
	at fr.xephi.authme.libs.com.maxmind.db.BufferHolder.<init>(BufferHolder.java:20)
	at fr.xephi.authme.libs.com.maxmind.db.Reader.<init>(Reader.java:121)
	at fr.xephi.authme.service.GeoIpService.startReading(GeoIpService.java:173)
	at fr.xephi.authme.service.GeoIpService.updateDatabase(GeoIpService.java:144)
	at org.bukkit.craftbukkit.v1_16_R3.scheduler.CraftTask.run(CraftTask.java:90)
	at org.bukkit.craftbukkit.v1_16_R3.scheduler.CraftAsyncTask.run(CraftAsyncTask.java:54)
	at com.destroystokyo.paper.ServerSchedulerReportingWrapper.run(ServerSchedulerReportingWrapper.java:20)
	at java.base/java.util.concurrent.ThreadPoolExecutor.runWorker(ThreadPoolExecutor.java:1144)
	at java.base/java.util.concurrent.ThreadPoolExecutor$Worker.run(ThreadPoolExecutor.java:642)
	at java.base/java.lang.Thread.run(Thread.java:1570)

[06-03 10:30:38]: [INFO] AuthMe 5.6.0-beta2-b2453 disabled!
[08-02 11:16:34]: [INFO] SQLite Setup finished
[08-02 11:16:34]: [INFO] Hooked into LuckPerms!
[08-02 11:16:34]: [INFO] Hooked successfully into Essentials
[08-02 11:16:34]: [INFO] Essentials spawn file not found: '/Users/lucaaguiar/Desktop/PixelmonWorlds-Server/plugins/Essentials/spawn.yml'
[08-02 11:16:34]: [WARN] WARNING! The protectInventory feature requires ProtocolLib! Disabling it...
[08-02 11:16:34]: [INFO] AuthMe 5.6.0-beta2 build n.2453 successfully enabled!
[08-02 11:16:35]: [INFO] Downloading GEO IP database, because the old database is older than 30 days or doesn't exist
[08-02 11:16:35]: [WARN] No MaxMind credentials found in the configuration file! GeoIp protections will be disabled.
[08-02 11:16:35]: [INFO] There is no newer GEO IP database uploaded to MaxMind. Using the old one for now.
[08-02 11:16:35]: [WARN] Could not download GeoLiteAPI database [FileNotFoundException]: plugins/AuthMe/GeoLite2-Country.mmdb (No such file or directory)
[08-02 11:16:35]: java.io.FileNotFoundException: plugins/AuthMe/GeoLite2-Country.mmdb (No such file or directory)
	at java.base/java.io.RandomAccessFile.open0(Native Method)
	at java.base/java.io.RandomAccessFile.open(RandomAccessFile.java:354)
	at java.base/java.io.RandomAccessFile.<init>(RandomAccessFile.java:271)
	at java.base/java.io.RandomAccessFile.<init>(RandomAccessFile.java:221)
	at fr.xephi.authme.libs.com.maxmind.db.BufferHolder.<init>(BufferHolder.java:20)
	at fr.xephi.authme.libs.com.maxmind.db.Reader.<init>(Reader.java:121)
	at fr.xephi.authme.service.GeoIpService.startReading(GeoIpService.java:173)
	at fr.xephi.authme.service.GeoIpService.updateDatabase(GeoIpService.java:144)
	at org.bukkit.craftbukkit.v1_16_R3.scheduler.CraftTask.run(CraftTask.java:90)
	at org.bukkit.craftbukkit.v1_16_R3.scheduler.CraftAsyncTask.run(CraftAsyncTask.java:54)
	at com.destroystokyo.paper.ServerSchedulerReportingWrapper.run(ServerSchedulerReportingWrapper.java:20)
	at java.base/java.util.concurrent.ThreadPoolExecutor.runWorker(ThreadPoolExecutor.java:1144)
	at java.base/java.util.concurrent.ThreadPoolExecutor$Worker.run(ThreadPoolExecutor.java:642)
	at java.base/java.lang.Thread.run(Thread.java:1570)

[08-02 11:30:16]: [INFO] AuthMe 5.6.0-beta2-b2453 disabled!
[08-02 11:31:29]: [INFO] SQLite Setup finished
[08-02 11:31:29]: [INFO] Hooked into LuckPerms!
[08-02 11:31:29]: [INFO] Hooked successfully into Essentials
[08-02 11:31:29]: [INFO] Essentials spawn file not found: '/Users/lucaaguiar/Desktop/PixelmonWorlds-Server/plugins/Essentials/spawn.yml'
[08-02 11:31:30]: [WARN] WARNING! The protectInventory feature requires ProtocolLib! Disabling it...
[08-02 11:31:30]: [INFO] AuthMe 5.6.0-beta2 build n.2453 successfully enabled!
[08-02 11:31:30]: [INFO] Downloading GEO IP database, because the old database is older than 30 days or doesn't exist
[08-02 11:31:30]: [WARN] No MaxMind credentials found in the configuration file! GeoIp protections will be disabled.
[08-02 11:31:30]: [INFO] There is no newer GEO IP database uploaded to MaxMind. Using the old one for now.
[08-02 11:31:30]: [WARN] Could not download GeoLiteAPI database [FileNotFoundException]: plugins/AuthMe/GeoLite2-Country.mmdb (No such file or directory)
[08-02 11:31:30]: java.io.FileNotFoundException: plugins/AuthMe/GeoLite2-Country.mmdb (No such file or directory)
	at java.base/java.io.RandomAccessFile.open0(Native Method)
	at java.base/java.io.RandomAccessFile.open(RandomAccessFile.java:354)
	at java.base/java.io.RandomAccessFile.<init>(RandomAccessFile.java:271)
	at java.base/java.io.RandomAccessFile.<init>(RandomAccessFile.java:221)
	at fr.xephi.authme.libs.com.maxmind.db.BufferHolder.<init>(BufferHolder.java:20)
	at fr.xephi.authme.libs.com.maxmind.db.Reader.<init>(Reader.java:121)
	at fr.xephi.authme.service.GeoIpService.startReading(GeoIpService.java:173)
	at fr.xephi.authme.service.GeoIpService.updateDatabase(GeoIpService.java:144)
	at org.bukkit.craftbukkit.v1_16_R3.scheduler.CraftTask.run(CraftTask.java:90)
	at org.bukkit.craftbukkit.v1_16_R3.scheduler.CraftAsyncTask.run(CraftAsyncTask.java:54)
	at com.destroystokyo.paper.ServerSchedulerReportingWrapper.run(ServerSchedulerReportingWrapper.java:20)
	at java.base/java.util.concurrent.ThreadPoolExecutor.runWorker(ThreadPoolExecutor.java:1144)
	at java.base/java.util.concurrent.ThreadPoolExecutor$Worker.run(ThreadPoolExecutor.java:642)
	at java.base/java.lang.Thread.run(Thread.java:1570)

[08-02 11:33:54]: [INFO] AuthMe 5.6.0-beta2-b2453 disabled!
[08-02 11:35:07]: [INFO] SQLite Setup finished
[08-02 11:35:07]: [INFO] Hooked into LuckPerms!
[08-02 11:35:07]: [INFO] Hooked successfully into Essentials
[08-02 11:35:07]: [INFO] Essentials spawn file not found: '/Users/lucaaguiar/Desktop/PixelmonWorlds-Server/plugins/Essentials/spawn.yml'
[08-02 11:35:07]: [WARN] WARNING! The protectInventory feature requires ProtocolLib! Disabling it...
[08-02 11:35:07]: [INFO] AuthMe 5.6.0-beta2 build n.2453 successfully enabled!
[08-02 11:35:07]: [INFO] Downloading GEO IP database, because the old database is older than 30 days or doesn't exist
[08-02 11:35:07]: [WARN] No MaxMind credentials found in the configuration file! GeoIp protections will be disabled.
[08-02 11:35:07]: [INFO] There is no newer GEO IP database uploaded to MaxMind. Using the old one for now.
[08-02 11:35:07]: [WARN] Could not download GeoLiteAPI database [FileNotFoundException]: plugins/AuthMe/GeoLite2-Country.mmdb (No such file or directory)
[08-02 11:35:07]: java.io.FileNotFoundException: plugins/AuthMe/GeoLite2-Country.mmdb (No such file or directory)
	at java.base/java.io.RandomAccessFile.open0(Native Method)
	at java.base/java.io.RandomAccessFile.open(RandomAccessFile.java:354)
	at java.base/java.io.RandomAccessFile.<init>(RandomAccessFile.java:271)
	at java.base/java.io.RandomAccessFile.<init>(RandomAccessFile.java:221)
	at fr.xephi.authme.libs.com.maxmind.db.BufferHolder.<init>(BufferHolder.java:20)
	at fr.xephi.authme.libs.com.maxmind.db.Reader.<init>(Reader.java:121)
	at fr.xephi.authme.service.GeoIpService.startReading(GeoIpService.java:173)
	at fr.xephi.authme.service.GeoIpService.updateDatabase(GeoIpService.java:144)
	at org.bukkit.craftbukkit.v1_16_R3.scheduler.CraftTask.run(CraftTask.java:90)
	at org.bukkit.craftbukkit.v1_16_R3.scheduler.CraftAsyncTask.run(CraftAsyncTask.java:54)
	at com.destroystokyo.paper.ServerSchedulerReportingWrapper.run(ServerSchedulerReportingWrapper.java:20)
	at java.base/java.util.concurrent.ThreadPoolExecutor.runWorker(ThreadPoolExecutor.java:1144)
	at java.base/java.util.concurrent.ThreadPoolExecutor$Worker.run(ThreadPoolExecutor.java:642)
	at java.base/java.lang.Thread.run(Thread.java:1570)

[08-02 12:05:24]: [FINE] zBlackFire registered 127.0.0.1
[08-02 12:05:24]: [FINE] zBlackFire logged in 127.0.0.1
[08-02 12:12:13]: [FINE] zBlackFire used the wrong password
[08-02 12:13:26]: [INFO] zBlackFire was unregistered by CONSOLE
[08-02 12:13:51]: [FINE] zBlackFire registered 127.0.0.1
[08-02 12:13:51]: [FINE] zBlackFire logged in 127.0.0.1
[08-02 13:22:44]: [INFO] AuthMe 5.6.0-beta2-b2453 disabled!
[08-02 13:24:19]: [INFO] SQLite Setup finished
[08-02 13:24:19]: [INFO] Hooked into LuckPerms!
[08-02 13:24:19]: [INFO] Hooked successfully into Essentials
[08-02 13:24:19]: [INFO] Essentials spawn file not found: '/Users/lucaaguiar/Desktop/PixelmonWorlds-Server/plugins/Essentials/spawn.yml'
[08-02 13:24:19]: [WARN] WARNING! The protectInventory feature requires ProtocolLib! Disabling it...
[08-02 13:24:19]: [INFO] AuthMe 5.6.0-beta2 build n.2453 successfully enabled!
[08-02 13:24:20]: [INFO] Downloading GEO IP database, because the old database is older than 30 days or doesn't exist
[08-02 13:24:20]: [WARN] No MaxMind credentials found in the configuration file! GeoIp protections will be disabled.
[08-02 13:24:20]: [INFO] There is no newer GEO IP database uploaded to MaxMind. Using the old one for now.
[08-02 13:24:20]: [WARN] Could not download GeoLiteAPI database [FileNotFoundException]: plugins/AuthMe/GeoLite2-Country.mmdb (No such file or directory)
[08-02 13:24:20]: java.io.FileNotFoundException: plugins/AuthMe/GeoLite2-Country.mmdb (No such file or directory)
	at java.base/java.io.RandomAccessFile.open0(Native Method)
	at java.base/java.io.RandomAccessFile.open(RandomAccessFile.java:354)
	at java.base/java.io.RandomAccessFile.<init>(RandomAccessFile.java:271)
	at java.base/java.io.RandomAccessFile.<init>(RandomAccessFile.java:221)
	at fr.xephi.authme.libs.com.maxmind.db.BufferHolder.<init>(BufferHolder.java:20)
	at fr.xephi.authme.libs.com.maxmind.db.Reader.<init>(Reader.java:121)
	at fr.xephi.authme.service.GeoIpService.startReading(GeoIpService.java:173)
	at fr.xephi.authme.service.GeoIpService.updateDatabase(GeoIpService.java:144)
	at org.bukkit.craftbukkit.v1_16_R3.scheduler.CraftTask.run(CraftTask.java:90)
	at org.bukkit.craftbukkit.v1_16_R3.scheduler.CraftAsyncTask.run(CraftAsyncTask.java:54)
	at com.destroystokyo.paper.ServerSchedulerReportingWrapper.run(ServerSchedulerReportingWrapper.java:20)
	at java.base/java.util.concurrent.ThreadPoolExecutor.runWorker(ThreadPoolExecutor.java:1144)
	at java.base/java.util.concurrent.ThreadPoolExecutor$Worker.run(ThreadPoolExecutor.java:642)
	at java.base/java.lang.Thread.run(Thread.java:1570)

[08-02 13:28:48]: [INFO] AuthMe 5.6.0-beta2-b2453 disabled!
[08-02 13:30:26]: [INFO] SQLite Setup finished
[08-02 13:30:26]: [INFO] Hooked into LuckPerms!
[08-02 13:30:26]: [INFO] Hooked successfully into Essentials
[08-02 13:30:26]: [INFO] Essentials spawn file not found: '/Users/lucaaguiar/Desktop/PixelmonWorlds-Server/plugins/Essentials/spawn.yml'
[08-02 13:30:26]: [INFO] AuthMe 5.6.0-beta2 build n.2453 successfully enabled!
[08-02 13:30:27]: [INFO] Downloading GEO IP database, because the old database is older than 30 days or doesn't exist
[08-02 13:30:27]: [WARN] No MaxMind credentials found in the configuration file! GeoIp protections will be disabled.
[08-02 13:30:27]: [INFO] There is no newer GEO IP database uploaded to MaxMind. Using the old one for now.
[08-02 13:30:27]: [WARN] Could not download GeoLiteAPI database [FileNotFoundException]: plugins/AuthMe/GeoLite2-Country.mmdb (No such file or directory)
[08-02 13:30:27]: java.io.FileNotFoundException: plugins/AuthMe/GeoLite2-Country.mmdb (No such file or directory)
	at java.base/java.io.RandomAccessFile.open0(Native Method)
	at java.base/java.io.RandomAccessFile.open(RandomAccessFile.java:354)
	at java.base/java.io.RandomAccessFile.<init>(RandomAccessFile.java:271)
	at java.base/java.io.RandomAccessFile.<init>(RandomAccessFile.java:221)
	at fr.xephi.authme.libs.com.maxmind.db.BufferHolder.<init>(BufferHolder.java:20)
	at fr.xephi.authme.libs.com.maxmind.db.Reader.<init>(Reader.java:121)
	at fr.xephi.authme.service.GeoIpService.startReading(GeoIpService.java:173)
	at fr.xephi.authme.service.GeoIpService.updateDatabase(GeoIpService.java:144)
	at org.bukkit.craftbukkit.v1_16_R3.scheduler.CraftTask.run(CraftTask.java:90)
	at org.bukkit.craftbukkit.v1_16_R3.scheduler.CraftAsyncTask.run(CraftAsyncTask.java:54)
	at com.destroystokyo.paper.ServerSchedulerReportingWrapper.run(ServerSchedulerReportingWrapper.java:20)
	at java.base/java.util.concurrent.ThreadPoolExecutor.runWorker(ThreadPoolExecutor.java:1144)
	at java.base/java.util.concurrent.ThreadPoolExecutor$Worker.run(ThreadPoolExecutor.java:642)
	at java.base/java.lang.Thread.run(Thread.java:1570)

[08-02 13:40:39]: [INFO] AuthMe 5.6.0-beta2-b2453 disabled!
[08-02 13:42:29]: [INFO] SQLite Setup finished
[08-02 13:42:29]: [INFO] Hooked into LuckPerms!
[08-02 13:42:29]: [INFO] Hooked successfully into Essentials
[08-02 13:42:29]: [INFO] Essentials spawn file not found: '/Users/lucaaguiar/Desktop/PixelmonWorlds-Server/plugins/Essentials/spawn.yml'
[08-02 13:42:30]: [INFO] AuthMe 5.6.0-beta2 build n.2453 successfully enabled!
[08-02 13:42:31]: [INFO] Downloading GEO IP database, because the old database is older than 30 days or doesn't exist
[08-02 13:42:31]: [WARN] No MaxMind credentials found in the configuration file! GeoIp protections will be disabled.
[08-02 13:42:31]: [INFO] There is no newer GEO IP database uploaded to MaxMind. Using the old one for now.
[08-02 13:42:31]: [WARN] Could not download GeoLiteAPI database [FileNotFoundException]: plugins/AuthMe/GeoLite2-Country.mmdb (No such file or directory)
[08-02 13:42:31]: java.io.FileNotFoundException: plugins/AuthMe/GeoLite2-Country.mmdb (No such file or directory)
	at java.base/java.io.RandomAccessFile.open0(Native Method)
	at java.base/java.io.RandomAccessFile.open(RandomAccessFile.java:354)
	at java.base/java.io.RandomAccessFile.<init>(RandomAccessFile.java:271)
	at java.base/java.io.RandomAccessFile.<init>(RandomAccessFile.java:221)
	at fr.xephi.authme.libs.com.maxmind.db.BufferHolder.<init>(BufferHolder.java:20)
	at fr.xephi.authme.libs.com.maxmind.db.Reader.<init>(Reader.java:121)
	at fr.xephi.authme.service.GeoIpService.startReading(GeoIpService.java:173)
	at fr.xephi.authme.service.GeoIpService.updateDatabase(GeoIpService.java:144)
	at org.bukkit.craftbukkit.v1_16_R3.scheduler.CraftTask.run(CraftTask.java:90)
	at org.bukkit.craftbukkit.v1_16_R3.scheduler.CraftAsyncTask.run(CraftAsyncTask.java:54)
	at com.destroystokyo.paper.ServerSchedulerReportingWrapper.run(ServerSchedulerReportingWrapper.java:20)
	at java.base/java.util.concurrent.ThreadPoolExecutor.runWorker(ThreadPoolExecutor.java:1144)
	at java.base/java.util.concurrent.ThreadPoolExecutor$Worker.run(ThreadPoolExecutor.java:642)
	at java.base/java.lang.Thread.run(Thread.java:1570)

[08-02 13:49:03]: [INFO] AuthMe 5.6.0-beta2-b2453 disabled!
[08-02 13:50:47]: [INFO] SQLite Setup finished
[08-02 13:50:47]: [INFO] Hooked into LuckPerms!
[08-02 13:50:47]: [INFO] Hooked successfully into Essentials
[08-02 13:50:47]: [INFO] Essentials spawn file not found: '/Users/lucaaguiar/Desktop/PixelmonWorlds-Server/plugins/Essentials/spawn.yml'
[08-02 13:50:48]: [INFO] AuthMe 5.6.0-beta2 build n.2453 successfully enabled!
[08-02 13:50:49]: [INFO] Downloading GEO IP database, because the old database is older than 30 days or doesn't exist
[08-02 13:50:49]: [WARN] No MaxMind credentials found in the configuration file! GeoIp protections will be disabled.
[08-02 13:50:49]: [INFO] There is no newer GEO IP database uploaded to MaxMind. Using the old one for now.
[08-02 13:50:49]: [WARN] Could not download GeoLiteAPI database [FileNotFoundException]: plugins/AuthMe/GeoLite2-Country.mmdb (No such file or directory)
[08-02 13:50:49]: java.io.FileNotFoundException: plugins/AuthMe/GeoLite2-Country.mmdb (No such file or directory)
	at java.base/java.io.RandomAccessFile.open0(Native Method)
	at java.base/java.io.RandomAccessFile.open(RandomAccessFile.java:354)
	at java.base/java.io.RandomAccessFile.<init>(RandomAccessFile.java:271)
	at java.base/java.io.RandomAccessFile.<init>(RandomAccessFile.java:221)
	at fr.xephi.authme.libs.com.maxmind.db.BufferHolder.<init>(BufferHolder.java:20)
	at fr.xephi.authme.libs.com.maxmind.db.Reader.<init>(Reader.java:121)
	at fr.xephi.authme.service.GeoIpService.startReading(GeoIpService.java:173)
	at fr.xephi.authme.service.GeoIpService.updateDatabase(GeoIpService.java:144)
	at org.bukkit.craftbukkit.v1_16_R3.scheduler.CraftTask.run(CraftTask.java:90)
	at org.bukkit.craftbukkit.v1_16_R3.scheduler.CraftAsyncTask.run(CraftAsyncTask.java:54)
	at com.destroystokyo.paper.ServerSchedulerReportingWrapper.run(ServerSchedulerReportingWrapper.java:20)
	at java.base/java.util.concurrent.ThreadPoolExecutor.runWorker(ThreadPoolExecutor.java:1144)
	at java.base/java.util.concurrent.ThreadPoolExecutor$Worker.run(ThreadPoolExecutor.java:642)
	at java.base/java.lang.Thread.run(Thread.java:1570)

[08-02 14:00:37]: [INFO] zBlackFire was unregistered by CONSOLE
[08-02 14:15:41]: [INFO] AuthMe 5.6.0-beta2-b2453 disabled!
[08-02 14:17:51]: [INFO] SQLite Setup finished
[08-02 14:17:51]: [INFO] Hooked into LuckPerms!
[08-02 14:17:51]: [INFO] Hooked successfully into Essentials
[08-02 14:17:51]: [INFO] Essentials spawn file not found: '/Users/lucaaguiar/Desktop/PixelmonWorlds-Server/plugins/Essentials/spawn.yml'
[08-02 14:17:52]: [INFO] AuthMe 5.6.0-beta2 build n.2453 successfully enabled!
[08-02 14:17:54]: [INFO] Downloading GEO IP database, because the old database is older than 30 days or doesn't exist
[08-02 14:17:54]: [WARN] No MaxMind credentials found in the configuration file! GeoIp protections will be disabled.
[08-02 14:17:54]: [INFO] There is no newer GEO IP database uploaded to MaxMind. Using the old one for now.
[08-02 14:17:55]: [WARN] Could not download GeoLiteAPI database [FileNotFoundException]: plugins/AuthMe/GeoLite2-Country.mmdb (No such file or directory)
[08-02 14:17:55]: java.io.FileNotFoundException: plugins/AuthMe/GeoLite2-Country.mmdb (No such file or directory)
	at java.base/java.io.RandomAccessFile.open0(Native Method)
	at java.base/java.io.RandomAccessFile.open(RandomAccessFile.java:354)
	at java.base/java.io.RandomAccessFile.<init>(RandomAccessFile.java:271)
	at java.base/java.io.RandomAccessFile.<init>(RandomAccessFile.java:221)
	at fr.xephi.authme.libs.com.maxmind.db.BufferHolder.<init>(BufferHolder.java:20)
	at fr.xephi.authme.libs.com.maxmind.db.Reader.<init>(Reader.java:121)
	at fr.xephi.authme.service.GeoIpService.startReading(GeoIpService.java:173)
	at fr.xephi.authme.service.GeoIpService.updateDatabase(GeoIpService.java:144)
	at org.bukkit.craftbukkit.v1_16_R3.scheduler.CraftTask.run(CraftTask.java:90)
	at org.bukkit.craftbukkit.v1_16_R3.scheduler.CraftAsyncTask.run(CraftAsyncTask.java:54)
	at com.destroystokyo.paper.ServerSchedulerReportingWrapper.run(ServerSchedulerReportingWrapper.java:20)
	at java.base/java.util.concurrent.ThreadPoolExecutor.runWorker(ThreadPoolExecutor.java:1144)
	at java.base/java.util.concurrent.ThreadPoolExecutor$Worker.run(ThreadPoolExecutor.java:642)
	at java.base/java.lang.Thread.run(Thread.java:1570)

[08-02 14:18:32]: [INFO] AuthMe 5.6.0-beta2-b2453 disabled!
[08-02 14:21:19]: [INFO] SQLite Setup finished
[08-02 14:21:19]: [INFO] Hooked into LuckPerms!
[08-02 14:21:19]: [INFO] Hooked successfully into Essentials
[08-02 14:21:19]: [INFO] Essentials spawn file not found: '/Users/lucaaguiar/Desktop/PixelmonWorlds-Server/plugins/Essentials/spawn.yml'
[08-02 14:21:20]: [INFO] AuthMe 5.6.0-beta2 build n.2453 successfully enabled!
[08-02 14:21:21]: [INFO] Downloading GEO IP database, because the old database is older than 30 days or doesn't exist
[08-02 14:21:21]: [WARN] No MaxMind credentials found in the configuration file! GeoIp protections will be disabled.
[08-02 14:21:21]: [INFO] There is no newer GEO IP database uploaded to MaxMind. Using the old one for now.
[08-02 14:21:21]: [WARN] Could not download GeoLiteAPI database [FileNotFoundException]: plugins/AuthMe/GeoLite2-Country.mmdb (No such file or directory)
[08-02 14:21:21]: java.io.FileNotFoundException: plugins/AuthMe/GeoLite2-Country.mmdb (No such file or directory)
	at java.base/java.io.RandomAccessFile.open0(Native Method)
	at java.base/java.io.RandomAccessFile.open(RandomAccessFile.java:354)
	at java.base/java.io.RandomAccessFile.<init>(RandomAccessFile.java:271)
	at java.base/java.io.RandomAccessFile.<init>(RandomAccessFile.java:221)
	at fr.xephi.authme.libs.com.maxmind.db.BufferHolder.<init>(BufferHolder.java:20)
	at fr.xephi.authme.libs.com.maxmind.db.Reader.<init>(Reader.java:121)
	at fr.xephi.authme.service.GeoIpService.startReading(GeoIpService.java:173)
	at fr.xephi.authme.service.GeoIpService.updateDatabase(GeoIpService.java:144)
	at org.bukkit.craftbukkit.v1_16_R3.scheduler.CraftTask.run(CraftTask.java:90)
	at org.bukkit.craftbukkit.v1_16_R3.scheduler.CraftAsyncTask.run(CraftAsyncTask.java:54)
	at com.destroystokyo.paper.ServerSchedulerReportingWrapper.run(ServerSchedulerReportingWrapper.java:20)
	at java.base/java.util.concurrent.ThreadPoolExecutor.runWorker(ThreadPoolExecutor.java:1144)
	at java.base/java.util.concurrent.ThreadPoolExecutor$Worker.run(ThreadPoolExecutor.java:642)
	at java.base/java.lang.Thread.run(Thread.java:1570)

[08-02 14:22:25]: [INFO] AuthMe 5.6.0-beta2-b2453 disabled!
[08-02 14:24:42]: [INFO] SQLite Setup finished
[08-02 14:24:42]: [INFO] Hooked into LuckPerms!
[08-02 14:24:43]: [INFO] Hooked successfully into Essentials
[08-02 14:24:43]: [INFO] Essentials spawn file not found: '/Users/lucaaguiar/Desktop/PixelmonWorlds-Server/plugins/Essentials/spawn.yml'
[08-02 14:24:44]: [INFO] AuthMe 5.6.0-beta2 build n.2453 successfully enabled!
[08-02 14:24:46]: [INFO] Downloading GEO IP database, because the old database is older than 30 days or doesn't exist
[08-02 14:24:46]: [WARN] No MaxMind credentials found in the configuration file! GeoIp protections will be disabled.
[08-02 14:24:46]: [INFO] There is no newer GEO IP database uploaded to MaxMind. Using the old one for now.
[08-02 14:24:46]: [WARN] Could not download GeoLiteAPI database [FileNotFoundException]: plugins/AuthMe/GeoLite2-Country.mmdb (No such file or directory)
[08-02 14:24:46]: java.io.FileNotFoundException: plugins/AuthMe/GeoLite2-Country.mmdb (No such file or directory)
	at java.base/java.io.RandomAccessFile.open0(Native Method)
	at java.base/java.io.RandomAccessFile.open(RandomAccessFile.java:354)
	at java.base/java.io.RandomAccessFile.<init>(RandomAccessFile.java:271)
	at java.base/java.io.RandomAccessFile.<init>(RandomAccessFile.java:221)
	at fr.xephi.authme.libs.com.maxmind.db.BufferHolder.<init>(BufferHolder.java:20)
	at fr.xephi.authme.libs.com.maxmind.db.Reader.<init>(Reader.java:121)
	at fr.xephi.authme.service.GeoIpService.startReading(GeoIpService.java:173)
	at fr.xephi.authme.service.GeoIpService.updateDatabase(GeoIpService.java:144)
	at org.bukkit.craftbukkit.v1_16_R3.scheduler.CraftTask.run(CraftTask.java:90)
	at org.bukkit.craftbukkit.v1_16_R3.scheduler.CraftAsyncTask.run(CraftAsyncTask.java:54)
	at com.destroystokyo.paper.ServerSchedulerReportingWrapper.run(ServerSchedulerReportingWrapper.java:20)
	at java.base/java.util.concurrent.ThreadPoolExecutor.runWorker(ThreadPoolExecutor.java:1144)
	at java.base/java.util.concurrent.ThreadPoolExecutor$Worker.run(ThreadPoolExecutor.java:642)
	at java.base/java.lang.Thread.run(Thread.java:1570)

[08-02 14:24:54]: [INFO] AuthMe 5.6.0-beta2-b2453 disabled!
[08-02 14:27:05]: [INFO] SQLite Setup finished
[08-02 14:27:05]: [INFO] Hooked into LuckPerms!
[08-02 14:27:05]: [INFO] Hooked successfully into Essentials
[08-02 14:27:05]: [INFO] Essentials spawn file not found: '/Users/lucaaguiar/Desktop/PixelmonWorlds-Server/plugins/Essentials/spawn.yml'
[08-02 14:27:06]: [INFO] AuthMe 5.6.0-beta2 build n.2453 successfully enabled!
[08-02 14:27:07]: [INFO] Downloading GEO IP database, because the old database is older than 30 days or doesn't exist
[08-02 14:27:07]: [WARN] No MaxMind credentials found in the configuration file! GeoIp protections will be disabled.
[08-02 14:27:07]: [INFO] There is no newer GEO IP database uploaded to MaxMind. Using the old one for now.
[08-02 14:27:07]: [WARN] Could not download GeoLiteAPI database [FileNotFoundException]: plugins/AuthMe/GeoLite2-Country.mmdb (No such file or directory)
[08-02 14:27:07]: java.io.FileNotFoundException: plugins/AuthMe/GeoLite2-Country.mmdb (No such file or directory)
	at java.base/java.io.RandomAccessFile.open0(Native Method)
	at java.base/java.io.RandomAccessFile.open(RandomAccessFile.java:354)
	at java.base/java.io.RandomAccessFile.<init>(RandomAccessFile.java:271)
	at java.base/java.io.RandomAccessFile.<init>(RandomAccessFile.java:221)
	at fr.xephi.authme.libs.com.maxmind.db.BufferHolder.<init>(BufferHolder.java:20)
	at fr.xephi.authme.libs.com.maxmind.db.Reader.<init>(Reader.java:121)
	at fr.xephi.authme.service.GeoIpService.startReading(GeoIpService.java:173)
	at fr.xephi.authme.service.GeoIpService.updateDatabase(GeoIpService.java:144)
	at org.bukkit.craftbukkit.v1_16_R3.scheduler.CraftTask.run(CraftTask.java:90)
	at org.bukkit.craftbukkit.v1_16_R3.scheduler.CraftAsyncTask.run(CraftAsyncTask.java:54)
	at com.destroystokyo.paper.ServerSchedulerReportingWrapper.run(ServerSchedulerReportingWrapper.java:20)
	at java.base/java.util.concurrent.ThreadPoolExecutor.runWorker(ThreadPoolExecutor.java:1144)
	at java.base/java.util.concurrent.ThreadPoolExecutor$Worker.run(ThreadPoolExecutor.java:642)
	at java.base/java.lang.Thread.run(Thread.java:1570)

[08-02 14:28:10]: [INFO] AuthMe 5.6.0-beta2-b2453 disabled!
[08-02 14:31:14]: [INFO] SQLite Setup finished
[08-02 14:31:14]: [INFO] Hooked into LuckPerms!
[08-02 14:31:15]: [INFO] Hooked successfully into Essentials
[08-02 14:31:15]: [INFO] Essentials spawn file not found: '/Users/lucaaguiar/Desktop/PixelmonWorlds-Server/plugins/Essentials/spawn.yml'
[08-02 14:31:15]: [INFO] AuthMe 5.6.0-beta2 build n.2453 successfully enabled!
[08-02 14:31:16]: [INFO] Downloading GEO IP database, because the old database is older than 30 days or doesn't exist
[08-02 14:31:16]: [WARN] No MaxMind credentials found in the configuration file! GeoIp protections will be disabled.
[08-02 14:31:16]: [INFO] There is no newer GEO IP database uploaded to MaxMind. Using the old one for now.
[08-02 14:31:16]: [WARN] Could not download GeoLiteAPI database [FileNotFoundException]: plugins/AuthMe/GeoLite2-Country.mmdb (No such file or directory)
[08-02 14:31:16]: java.io.FileNotFoundException: plugins/AuthMe/GeoLite2-Country.mmdb (No such file or directory)
	at java.base/java.io.RandomAccessFile.open0(Native Method)
	at java.base/java.io.RandomAccessFile.open(RandomAccessFile.java:354)
	at java.base/java.io.RandomAccessFile.<init>(RandomAccessFile.java:271)
	at java.base/java.io.RandomAccessFile.<init>(RandomAccessFile.java:221)
	at fr.xephi.authme.libs.com.maxmind.db.BufferHolder.<init>(BufferHolder.java:20)
	at fr.xephi.authme.libs.com.maxmind.db.Reader.<init>(Reader.java:121)
	at fr.xephi.authme.service.GeoIpService.startReading(GeoIpService.java:173)
	at fr.xephi.authme.service.GeoIpService.updateDatabase(GeoIpService.java:144)
	at org.bukkit.craftbukkit.v1_16_R3.scheduler.CraftTask.run(CraftTask.java:90)
	at org.bukkit.craftbukkit.v1_16_R3.scheduler.CraftAsyncTask.run(CraftAsyncTask.java:54)
	at com.destroystokyo.paper.ServerSchedulerReportingWrapper.run(ServerSchedulerReportingWrapper.java:20)
	at java.base/java.util.concurrent.ThreadPoolExecutor.runWorker(ThreadPoolExecutor.java:1144)
	at java.base/java.util.concurrent.ThreadPoolExecutor$Worker.run(ThreadPoolExecutor.java:642)
	at java.base/java.lang.Thread.run(Thread.java:1570)

[08-02 14:33:58]: [INFO] AuthMe 5.6.0-beta2-b2453 disabled!
[08-02 14:35:54]: [INFO] SQLite Setup finished
[08-02 14:35:54]: [INFO] Hooked into LuckPerms!
[08-02 14:35:54]: [INFO] Hooked successfully into Essentials
[08-02 14:35:54]: [INFO] Essentials spawn file not found: '/Users/lucaaguiar/Desktop/PixelmonWorlds-Server/plugins/Essentials/spawn.yml'
[08-02 14:35:55]: [INFO] AuthMe 5.6.0-beta2 build n.2453 successfully enabled!
[08-02 14:35:57]: [INFO] Downloading GEO IP database, because the old database is older than 30 days or doesn't exist
[08-02 14:35:57]: [WARN] No MaxMind credentials found in the configuration file! GeoIp protections will be disabled.
[08-02 14:35:57]: [INFO] There is no newer GEO IP database uploaded to MaxMind. Using the old one for now.
[08-02 14:35:57]: [WARN] Could not download GeoLiteAPI database [FileNotFoundException]: plugins/AuthMe/GeoLite2-Country.mmdb (No such file or directory)
[08-02 14:35:57]: java.io.FileNotFoundException: plugins/AuthMe/GeoLite2-Country.mmdb (No such file or directory)
	at java.base/java.io.RandomAccessFile.open0(Native Method)
	at java.base/java.io.RandomAccessFile.open(RandomAccessFile.java:354)
	at java.base/java.io.RandomAccessFile.<init>(RandomAccessFile.java:271)
	at java.base/java.io.RandomAccessFile.<init>(RandomAccessFile.java:221)
	at fr.xephi.authme.libs.com.maxmind.db.BufferHolder.<init>(BufferHolder.java:20)
	at fr.xephi.authme.libs.com.maxmind.db.Reader.<init>(Reader.java:121)
	at fr.xephi.authme.service.GeoIpService.startReading(GeoIpService.java:173)
	at fr.xephi.authme.service.GeoIpService.updateDatabase(GeoIpService.java:144)
	at org.bukkit.craftbukkit.v1_16_R3.scheduler.CraftTask.run(CraftTask.java:90)
	at org.bukkit.craftbukkit.v1_16_R3.scheduler.CraftAsyncTask.run(CraftAsyncTask.java:54)
	at com.destroystokyo.paper.ServerSchedulerReportingWrapper.run(ServerSchedulerReportingWrapper.java:20)
	at java.base/java.util.concurrent.ThreadPoolExecutor.runWorker(ThreadPoolExecutor.java:1144)
	at java.base/java.util.concurrent.ThreadPoolExecutor$Worker.run(ThreadPoolExecutor.java:642)
	at java.base/java.lang.Thread.run(Thread.java:1570)

[08-02 14:40:43]: [INFO] AuthMe 5.6.0-beta2-b2453 disabled!
[08-02 14:42:36]: [INFO] SQLite Setup finished
[08-02 14:42:36]: [INFO] Hooked into LuckPerms!
[08-02 14:42:36]: [INFO] Hooked successfully into Essentials
[08-02 14:42:36]: [INFO] Essentials spawn file not found: '/Users/lucaaguiar/Desktop/PixelmonWorlds-Server/plugins/Essentials/spawn.yml'
[08-02 14:42:37]: [INFO] AuthMe 5.6.0-beta2 build n.2453 successfully enabled!
[08-02 14:42:38]: [INFO] Downloading GEO IP database, because the old database is older than 30 days or doesn't exist
[08-02 14:42:38]: [WARN] No MaxMind credentials found in the configuration file! GeoIp protections will be disabled.
[08-02 14:42:38]: [INFO] There is no newer GEO IP database uploaded to MaxMind. Using the old one for now.
[08-02 14:42:38]: [WARN] Could not download GeoLiteAPI database [FileNotFoundException]: plugins/AuthMe/GeoLite2-Country.mmdb (No such file or directory)
[08-02 14:42:38]: java.io.FileNotFoundException: plugins/AuthMe/GeoLite2-Country.mmdb (No such file or directory)
	at java.base/java.io.RandomAccessFile.open0(Native Method)
	at java.base/java.io.RandomAccessFile.open(RandomAccessFile.java:354)
	at java.base/java.io.RandomAccessFile.<init>(RandomAccessFile.java:271)
	at java.base/java.io.RandomAccessFile.<init>(RandomAccessFile.java:221)
	at fr.xephi.authme.libs.com.maxmind.db.BufferHolder.<init>(BufferHolder.java:20)
	at fr.xephi.authme.libs.com.maxmind.db.Reader.<init>(Reader.java:121)
	at fr.xephi.authme.service.GeoIpService.startReading(GeoIpService.java:173)
	at fr.xephi.authme.service.GeoIpService.updateDatabase(GeoIpService.java:144)
	at org.bukkit.craftbukkit.v1_16_R3.scheduler.CraftTask.run(CraftTask.java:90)
	at org.bukkit.craftbukkit.v1_16_R3.scheduler.CraftAsyncTask.run(CraftAsyncTask.java:54)
	at com.destroystokyo.paper.ServerSchedulerReportingWrapper.run(ServerSchedulerReportingWrapper.java:20)
	at java.base/java.util.concurrent.ThreadPoolExecutor.runWorker(ThreadPoolExecutor.java:1144)
	at java.base/java.util.concurrent.ThreadPoolExecutor$Worker.run(ThreadPoolExecutor.java:642)
	at java.base/java.lang.Thread.run(Thread.java:1570)

[08-02 18:51:20]: [INFO] AuthMe 5.6.0-beta2-b2453 disabled!
[08-05 14:18:23]: [INFO] SQLite Setup finished
[08-05 14:18:23]: [INFO] Hooked into LuckPerms!
[08-05 14:18:23]: [INFO] Hooked successfully into Essentials
[08-05 14:18:23]: [INFO] Essentials spawn file not found: '/Users/lucaaguiar/Desktop/PixelmonWorlds-Server/plugins/Essentials/spawn.yml'
[08-05 14:18:24]: [INFO] AuthMe 5.6.0-beta2 build n.2453 successfully enabled!
[08-05 14:18:25]: [INFO] Downloading GEO IP database, because the old database is older than 30 days or doesn't exist
[08-05 14:18:25]: [WARN] No MaxMind credentials found in the configuration file! GeoIp protections will be disabled.
[08-05 14:18:25]: [INFO] There is no newer GEO IP database uploaded to MaxMind. Using the old one for now.
[08-05 14:18:25]: [WARN] Could not download GeoLiteAPI database [FileNotFoundException]: plugins/AuthMe/GeoLite2-Country.mmdb (No such file or directory)
[08-05 14:18:25]: java.io.FileNotFoundException: plugins/AuthMe/GeoLite2-Country.mmdb (No such file or directory)
	at java.base/java.io.RandomAccessFile.open0(Native Method)
	at java.base/java.io.RandomAccessFile.open(RandomAccessFile.java:354)
	at java.base/java.io.RandomAccessFile.<init>(RandomAccessFile.java:271)
	at java.base/java.io.RandomAccessFile.<init>(RandomAccessFile.java:221)
	at fr.xephi.authme.libs.com.maxmind.db.BufferHolder.<init>(BufferHolder.java:20)
	at fr.xephi.authme.libs.com.maxmind.db.Reader.<init>(Reader.java:121)
	at fr.xephi.authme.service.GeoIpService.startReading(GeoIpService.java:173)
	at fr.xephi.authme.service.GeoIpService.updateDatabase(GeoIpService.java:144)
	at org.bukkit.craftbukkit.v1_16_R3.scheduler.CraftTask.run(CraftTask.java:90)
	at org.bukkit.craftbukkit.v1_16_R3.scheduler.CraftAsyncTask.run(CraftAsyncTask.java:54)
	at com.destroystokyo.paper.ServerSchedulerReportingWrapper.run(ServerSchedulerReportingWrapper.java:20)
	at java.base/java.util.concurrent.ThreadPoolExecutor.runWorker(ThreadPoolExecutor.java:1144)
	at java.base/java.util.concurrent.ThreadPoolExecutor$Worker.run(ThreadPoolExecutor.java:642)
	at java.base/java.lang.Thread.run(Thread.java:1570)

[08-05 14:19:17]: [INFO] AuthMe 5.6.0-beta2-b2453 disabled!
[08-05 14:20:41]: [INFO] SQLite Setup finished
[08-05 14:20:41]: [INFO] Hooked into LuckPerms!
[08-05 14:20:41]: [INFO] Hooked successfully into Essentials
[08-05 14:20:41]: [INFO] Essentials spawn file not found: '/Users/lucaaguiar/Desktop/PixelmonWorlds-Server/plugins/Essentials/spawn.yml'
[08-05 14:20:42]: [INFO] AuthMe 5.6.0-beta2 build n.2453 successfully enabled!
[08-05 14:20:43]: [INFO] Downloading GEO IP database, because the old database is older than 30 days or doesn't exist
[08-05 14:20:43]: [WARN] No MaxMind credentials found in the configuration file! GeoIp protections will be disabled.
[08-05 14:20:43]: [INFO] There is no newer GEO IP database uploaded to MaxMind. Using the old one for now.
[08-05 14:20:43]: [WARN] Could not download GeoLiteAPI database [FileNotFoundException]: plugins/AuthMe/GeoLite2-Country.mmdb (No such file or directory)
[08-05 14:20:43]: java.io.FileNotFoundException: plugins/AuthMe/GeoLite2-Country.mmdb (No such file or directory)
	at java.base/java.io.RandomAccessFile.open0(Native Method)
	at java.base/java.io.RandomAccessFile.open(RandomAccessFile.java:354)
	at java.base/java.io.RandomAccessFile.<init>(RandomAccessFile.java:271)
	at java.base/java.io.RandomAccessFile.<init>(RandomAccessFile.java:221)
	at fr.xephi.authme.libs.com.maxmind.db.BufferHolder.<init>(BufferHolder.java:20)
	at fr.xephi.authme.libs.com.maxmind.db.Reader.<init>(Reader.java:121)
	at fr.xephi.authme.service.GeoIpService.startReading(GeoIpService.java:173)
	at fr.xephi.authme.service.GeoIpService.updateDatabase(GeoIpService.java:144)
	at org.bukkit.craftbukkit.v1_16_R3.scheduler.CraftTask.run(CraftTask.java:90)
	at org.bukkit.craftbukkit.v1_16_R3.scheduler.CraftAsyncTask.run(CraftAsyncTask.java:54)
	at com.destroystokyo.paper.ServerSchedulerReportingWrapper.run(ServerSchedulerReportingWrapper.java:20)
	at java.base/java.util.concurrent.ThreadPoolExecutor.runWorker(ThreadPoolExecutor.java:1144)
	at java.base/java.util.concurrent.ThreadPoolExecutor$Worker.run(ThreadPoolExecutor.java:642)
	at java.base/java.lang.Thread.run(Thread.java:1570)

[08-05 14:50:38]: [INFO] AuthMe 5.6.0-beta2-b2453 disabled!
[08-05 14:52:17]: [INFO] SQLite Setup finished
[08-05 14:52:17]: [INFO] Hooked into LuckPerms!
[08-05 14:52:17]: [INFO] Hooked successfully into Essentials
[08-05 14:52:17]: [INFO] Essentials spawn file not found: '/Users/lucaaguiar/Desktop/PixelmonWorlds-Server/plugins/Essentials/spawn.yml'
[08-05 14:52:18]: [INFO] AuthMe 5.6.0-beta2 build n.2453 successfully enabled!
[08-05 14:52:19]: [INFO] Downloading GEO IP database, because the old database is older than 30 days or doesn't exist
[08-05 14:52:19]: [WARN] No MaxMind credentials found in the configuration file! GeoIp protections will be disabled.
[08-05 14:52:19]: [INFO] There is no newer GEO IP database uploaded to MaxMind. Using the old one for now.
[08-05 14:52:19]: [WARN] Could not download GeoLiteAPI database [FileNotFoundException]: plugins/AuthMe/GeoLite2-Country.mmdb (No such file or directory)
[08-05 14:52:19]: java.io.FileNotFoundException: plugins/AuthMe/GeoLite2-Country.mmdb (No such file or directory)
	at java.base/java.io.RandomAccessFile.open0(Native Method)
	at java.base/java.io.RandomAccessFile.open(RandomAccessFile.java:354)
	at java.base/java.io.RandomAccessFile.<init>(RandomAccessFile.java:271)
	at java.base/java.io.RandomAccessFile.<init>(RandomAccessFile.java:221)
	at fr.xephi.authme.libs.com.maxmind.db.BufferHolder.<init>(BufferHolder.java:20)
	at fr.xephi.authme.libs.com.maxmind.db.Reader.<init>(Reader.java:121)
	at fr.xephi.authme.service.GeoIpService.startReading(GeoIpService.java:173)
	at fr.xephi.authme.service.GeoIpService.updateDatabase(GeoIpService.java:144)
	at org.bukkit.craftbukkit.v1_16_R3.scheduler.CraftTask.run(CraftTask.java:90)
	at org.bukkit.craftbukkit.v1_16_R3.scheduler.CraftAsyncTask.run(CraftAsyncTask.java:54)
	at com.destroystokyo.paper.ServerSchedulerReportingWrapper.run(ServerSchedulerReportingWrapper.java:20)
	at java.base/java.util.concurrent.ThreadPoolExecutor.runWorker(ThreadPoolExecutor.java:1144)
	at java.base/java.util.concurrent.ThreadPoolExecutor$Worker.run(ThreadPoolExecutor.java:642)
	at java.base/java.lang.Thread.run(Thread.java:1570)

[08-05 14:54:52]: [INFO] SQLite Setup finished
[08-05 14:54:52]: [INFO] Hooked into LuckPerms!
[08-05 14:54:52]: [INFO] Hooked successfully into Essentials
[08-05 14:54:52]: [INFO] Essentials spawn file not found: '/Users/lucaaguiar/Desktop/PixelmonWorlds-Server/plugins/Essentials/spawn.yml'
[08-05 14:54:53]: [INFO] AuthMe 5.6.0-beta2 build n.2453 successfully enabled!
[08-05 14:54:54]: [INFO] Downloading GEO IP database, because the old database is older than 30 days or doesn't exist
[08-05 14:54:54]: [WARN] No MaxMind credentials found in the configuration file! GeoIp protections will be disabled.
[08-05 14:54:54]: [INFO] There is no newer GEO IP database uploaded to MaxMind. Using the old one for now.
[08-05 14:54:54]: [WARN] Could not download GeoLiteAPI database [FileNotFoundException]: plugins/AuthMe/GeoLite2-Country.mmdb (No such file or directory)
[08-05 14:54:54]: java.io.FileNotFoundException: plugins/AuthMe/GeoLite2-Country.mmdb (No such file or directory)
	at java.base/java.io.RandomAccessFile.open0(Native Method)
	at java.base/java.io.RandomAccessFile.open(RandomAccessFile.java:354)
	at java.base/java.io.RandomAccessFile.<init>(RandomAccessFile.java:271)
	at java.base/java.io.RandomAccessFile.<init>(RandomAccessFile.java:221)
	at fr.xephi.authme.libs.com.maxmind.db.BufferHolder.<init>(BufferHolder.java:20)
	at fr.xephi.authme.libs.com.maxmind.db.Reader.<init>(Reader.java:121)
	at fr.xephi.authme.service.GeoIpService.startReading(GeoIpService.java:173)
	at fr.xephi.authme.service.GeoIpService.updateDatabase(GeoIpService.java:144)
	at org.bukkit.craftbukkit.v1_16_R3.scheduler.CraftTask.run(CraftTask.java:90)
	at org.bukkit.craftbukkit.v1_16_R3.scheduler.CraftAsyncTask.run(CraftAsyncTask.java:54)
	at com.destroystokyo.paper.ServerSchedulerReportingWrapper.run(ServerSchedulerReportingWrapper.java:20)
	at java.base/java.util.concurrent.ThreadPoolExecutor.runWorker(ThreadPoolExecutor.java:1144)
	at java.base/java.util.concurrent.ThreadPoolExecutor$Worker.run(ThreadPoolExecutor.java:642)
	at java.base/java.lang.Thread.run(Thread.java:1570)

[08-10 18:57:36]: [INFO] AuthMe 5.6.0-beta2-b2453 disabled!
[09-02 17:21:35]: [INFO] SQLite Setup finished
[09-02 17:21:35]: [INFO] Hooked into LuckPerms!
[09-02 17:21:36]: [INFO] Hooked successfully into Essentials
[09-02 17:21:36]: [INFO] Essentials spawn file not found: '/Users/lucaaguiar/Desktop/PixelmonWorlds-Server/plugins/Essentials/spawn.yml'
[09-02 17:21:36]: [INFO] AuthMe 5.6.0-beta2 build n.2453 successfully enabled!
[09-02 17:21:37]: [INFO] Downloading GEO IP database, because the old database is older than 30 days or doesn't exist
[09-02 17:21:37]: [WARN] No MaxMind credentials found in the configuration file! GeoIp protections will be disabled.
[09-02 17:21:37]: [INFO] There is no newer GEO IP database uploaded to MaxMind. Using the old one for now.
[09-02 17:21:37]: [WARN] Could not download GeoLiteAPI database [FileNotFoundException]: plugins/AuthMe/GeoLite2-Country.mmdb (No such file or directory)
[09-02 17:21:37]: java.io.FileNotFoundException: plugins/AuthMe/GeoLite2-Country.mmdb (No such file or directory)
	at java.base/java.io.RandomAccessFile.open0(Native Method)
	at java.base/java.io.RandomAccessFile.open(RandomAccessFile.java:354)
	at java.base/java.io.RandomAccessFile.<init>(RandomAccessFile.java:271)
	at java.base/java.io.RandomAccessFile.<init>(RandomAccessFile.java:221)
	at fr.xephi.authme.libs.com.maxmind.db.BufferHolder.<init>(BufferHolder.java:20)
	at fr.xephi.authme.libs.com.maxmind.db.Reader.<init>(Reader.java:121)
	at fr.xephi.authme.service.GeoIpService.startReading(GeoIpService.java:173)
	at fr.xephi.authme.service.GeoIpService.updateDatabase(GeoIpService.java:144)
	at org.bukkit.craftbukkit.v1_16_R3.scheduler.CraftTask.run(CraftTask.java:90)
	at org.bukkit.craftbukkit.v1_16_R3.scheduler.CraftAsyncTask.run(CraftAsyncTask.java:54)
	at com.destroystokyo.paper.ServerSchedulerReportingWrapper.run(ServerSchedulerReportingWrapper.java:20)
	at java.base/java.util.concurrent.ThreadPoolExecutor.runWorker(ThreadPoolExecutor.java:1144)
	at java.base/java.util.concurrent.ThreadPoolExecutor$Worker.run(ThreadPoolExecutor.java:642)
	at java.base/java.lang.Thread.run(Thread.java:1570)

[09-04 13:18:01]: [INFO] AuthMe 5.6.0-beta2-b2453 disabled!
[09-28 18:25:30]: [INFO] SQLite Setup finished
[09-28 18:25:31]: [INFO] Hooked into LuckPerms!
[09-28 18:25:32]: [INFO] Hooked successfully into Essentials
[09-28 18:25:32]: [INFO] Essentials spawn file not found: '/Users/lucaaguiar/Desktop/PixelmonWorlds-Server/plugins/Essentials/spawn.yml'
[09-28 18:25:32]: [INFO] AuthMe 5.6.0-beta2 build n.2453 successfully enabled!
[09-28 18:25:33]: [INFO] Downloading GEO IP database, because the old database is older than 30 days or doesn't exist
[09-28 18:25:33]: [WARN] No MaxMind credentials found in the configuration file! GeoIp protections will be disabled.
[09-28 18:25:33]: [INFO] There is no newer GEO IP database uploaded to MaxMind. Using the old one for now.
[09-28 18:25:33]: [WARN] Could not download GeoLiteAPI database [FileNotFoundException]: plugins/AuthMe/GeoLite2-Country.mmdb (No such file or directory)
[09-28 18:25:33]: java.io.FileNotFoundException: plugins/AuthMe/GeoLite2-Country.mmdb (No such file or directory)
	at java.base/java.io.RandomAccessFile.open0(Native Method)
	at java.base/java.io.RandomAccessFile.open(RandomAccessFile.java:354)
	at java.base/java.io.RandomAccessFile.<init>(RandomAccessFile.java:271)
	at java.base/java.io.RandomAccessFile.<init>(RandomAccessFile.java:221)
	at fr.xephi.authme.libs.com.maxmind.db.BufferHolder.<init>(BufferHolder.java:20)
	at fr.xephi.authme.libs.com.maxmind.db.Reader.<init>(Reader.java:121)
	at fr.xephi.authme.service.GeoIpService.startReading(GeoIpService.java:173)
	at fr.xephi.authme.service.GeoIpService.updateDatabase(GeoIpService.java:144)
	at org.bukkit.craftbukkit.v1_16_R3.scheduler.CraftTask.run(CraftTask.java:90)
	at org.bukkit.craftbukkit.v1_16_R3.scheduler.CraftAsyncTask.run(CraftAsyncTask.java:54)
	at com.destroystokyo.paper.ServerSchedulerReportingWrapper.run(ServerSchedulerReportingWrapper.java:20)
	at java.base/java.util.concurrent.ThreadPoolExecutor.runWorker(ThreadPoolExecutor.java:1144)
	at java.base/java.util.concurrent.ThreadPoolExecutor$Worker.run(ThreadPoolExecutor.java:642)
	at java.base/java.lang.Thread.run(Thread.java:1570)

[09-29 18:08:49]: [INFO] AuthMe 5.6.0-beta2-b2453 disabled!
[09-29 18:42:48]: [INFO] SQLite Setup finished
[09-29 18:42:49]: [INFO] Hooked into LuckPerms!
[09-29 18:42:49]: [INFO] Hooked successfully into Essentials
[09-29 18:42:49]: [INFO] Essentials spawn file not found: '/Users/lucaaguiar/Desktop/PixelmonWorlds-Server/plugins/Essentials/spawn.yml'
[09-29 18:42:49]: [INFO] AuthMe 5.6.0-beta2 build n.2453 successfully enabled!
[09-29 18:42:50]: [INFO] Downloading GEO IP database, because the old database is older than 30 days or doesn't exist
[09-29 18:42:50]: [WARN] No MaxMind credentials found in the configuration file! GeoIp protections will be disabled.
[09-29 18:42:50]: [INFO] There is no newer GEO IP database uploaded to MaxMind. Using the old one for now.
[09-29 18:42:50]: [WARN] Could not download GeoLiteAPI database [FileNotFoundException]: plugins/AuthMe/GeoLite2-Country.mmdb (No such file or directory)
[09-29 18:42:50]: java.io.FileNotFoundException: plugins/AuthMe/GeoLite2-Country.mmdb (No such file or directory)
	at java.base/java.io.RandomAccessFile.open0(Native Method)
	at java.base/java.io.RandomAccessFile.open(RandomAccessFile.java:354)
	at java.base/java.io.RandomAccessFile.<init>(RandomAccessFile.java:271)
	at java.base/java.io.RandomAccessFile.<init>(RandomAccessFile.java:221)
	at fr.xephi.authme.libs.com.maxmind.db.BufferHolder.<init>(BufferHolder.java:20)
	at fr.xephi.authme.libs.com.maxmind.db.Reader.<init>(Reader.java:121)
	at fr.xephi.authme.service.GeoIpService.startReading(GeoIpService.java:173)
	at fr.xephi.authme.service.GeoIpService.updateDatabase(GeoIpService.java:144)
	at org.bukkit.craftbukkit.v1_16_R3.scheduler.CraftTask.run(CraftTask.java:90)
	at org.bukkit.craftbukkit.v1_16_R3.scheduler.CraftAsyncTask.run(CraftAsyncTask.java:54)
	at com.destroystokyo.paper.ServerSchedulerReportingWrapper.run(ServerSchedulerReportingWrapper.java:20)
	at java.base/java.util.concurrent.ThreadPoolExecutor.runWorker(ThreadPoolExecutor.java:1144)
	at java.base/java.util.concurrent.ThreadPoolExecutor$Worker.run(ThreadPoolExecutor.java:642)
	at java.base/java.lang.Thread.run(Thread.java:1570)

[09-30 13:12:55]: [INFO] AuthMe 5.6.0-beta2-b2453 disabled!
